{"/home/genialen/frontend-project-lvl2/bin/diffunc.js": {"path":"/home/genialen/frontend-project-lvl2/bin/diffunc.js","statementMap":{"0":{"start":{"line":5,"column":18},"end":{"line":26,"column":1}},"1":{"start":{"line":6,"column":21},"end":{"line":6,"column":51}},"2":{"start":{"line":7,"column":20},"end":{"line":7,"column":44}},"3":{"start":{"line":9,"column":21},"end":{"line":9,"column":114}},"4":{"start":{"line":10,"column":21},"end":{"line":10,"column":114}},"5":{"start":{"line":12,"column":20},"end":{"line":12,"column":55}},"6":{"start":{"line":13,"column":20},"end":{"line":13,"column":55}},"7":{"start":{"line":15,"column":22},"end":{"line":15,"column":24}},"8":{"start":{"line":16,"column":2},"end":{"line":16,"column":79}},"9":{"start":{"line":16,"column":40},"end":{"line":16,"column":77}},"10":{"start":{"line":17,"column":21},"end":{"line":17,"column":45}},"11":{"start":{"line":19,"column":22},"end":{"line":19,"column":24}},"12":{"start":{"line":20,"column":2},"end":{"line":20,"column":79}},"13":{"start":{"line":20,"column":40},"end":{"line":20,"column":77}},"14":{"start":{"line":21,"column":21},"end":{"line":21,"column":45}},"15":{"start":{"line":23,"column":2},"end":{"line":23,"column":20}},"16":{"start":{"line":24,"column":2},"end":{"line":24,"column":20}},"17":{"start":{"line":25,"column":2},"end":{"line":25,"column":34}},"18":{"start":{"line":28,"column":16},"end":{"line":53,"column":1}},"19":{"start":{"line":29,"column":14},"end":{"line":29,"column":45}},"20":{"start":{"line":30,"column":21},"end":{"line":30,"column":27}},"21":{"start":{"line":31,"column":21},"end":{"line":31,"column":27}},"22":{"start":{"line":33,"column":20},"end":{"line":39,"column":4}},"23":{"start":{"line":34,"column":16},"end":{"line":34,"column":34}},"24":{"start":{"line":35,"column":4},"end":{"line":37,"column":5}},"25":{"start":{"line":36,"column":6},"end":{"line":36,"column":42}},"26":{"start":{"line":38,"column":4},"end":{"line":38,"column":40}},"27":{"start":{"line":41,"column":20},"end":{"line":47,"column":4}},"28":{"start":{"line":42,"column":16},"end":{"line":42,"column":34}},"29":{"start":{"line":43,"column":4},"end":{"line":45,"column":5}},"30":{"start":{"line":44,"column":6},"end":{"line":44,"column":42}},"31":{"start":{"line":46,"column":4},"end":{"line":46,"column":16}},"32":{"start":{"line":49,"column":21},"end":{"line":49,"column":55}},"33":{"start":{"line":50,"column":17},"end":{"line":50,"column":34}},"34":{"start":{"line":51,"column":2},"end":{"line":51,"column":31}},"35":{"start":{"line":52,"column":2},"end":{"line":52,"column":25}}},"fnMap":{"0":{"name":"(anonymous_0)","decl":{"start":{"line":5,"column":18},"end":{"line":5,"column":19}},"loc":{"start":{"line":5,"column":44},"end":{"line":26,"column":1}},"line":5},"1":{"name":"(anonymous_1)","decl":{"start":{"line":16,"column":24},"end":{"line":16,"column":25}},"loc":{"start":{"line":16,"column":40},"end":{"line":16,"column":77}},"line":16},"2":{"name":"(anonymous_2)","decl":{"start":{"line":20,"column":24},"end":{"line":20,"column":25}},"loc":{"start":{"line":20,"column":40},"end":{"line":20,"column":77}},"line":20},"3":{"name":"(anonymous_3)","decl":{"start":{"line":28,"column":16},"end":{"line":28,"column":17}},"loc":{"start":{"line":28,"column":42},"end":{"line":53,"column":1}},"line":28},"4":{"name":"(anonymous_4)","decl":{"start":{"line":33,"column":35},"end":{"line":33,"column":36}},"loc":{"start":{"line":33,"column":46},"end":{"line":39,"column":3}},"line":33},"5":{"name":"(anonymous_5)","decl":{"start":{"line":41,"column":35},"end":{"line":41,"column":36}},"loc":{"start":{"line":41,"column":46},"end":{"line":47,"column":3}},"line":41}},"branchMap":{"0":{"loc":{"start":{"line":9,"column":21},"end":{"line":9,"column":114}},"type":"cond-expr","locations":[{"start":{"line":9,"column":50},"end":{"line":9,"column":59}},{"start":{"line":9,"column":62},"end":{"line":9,"column":114}}],"line":9},"1":{"loc":{"start":{"line":10,"column":21},"end":{"line":10,"column":114}},"type":"cond-expr","locations":[{"start":{"line":10,"column":50},"end":{"line":10,"column":59}},{"start":{"line":10,"column":62},"end":{"line":10,"column":114}}],"line":10},"2":{"loc":{"start":{"line":35,"column":4},"end":{"line":37,"column":5}},"type":"if","locations":[{"start":{"line":35,"column":4},"end":{"line":37,"column":5}},{"start":{},"end":{}}],"line":35},"3":{"loc":{"start":{"line":43,"column":4},"end":{"line":45,"column":5}},"type":"if","locations":[{"start":{"line":43,"column":4},"end":{"line":45,"column":5}},{"start":{},"end":{}}],"line":43}},"s":{"0":1,"1":1,"2":1,"3":1,"4":1,"5":1,"6":1,"7":1,"8":1,"9":5,"10":1,"11":1,"12":1,"13":4,"14":1,"15":1,"16":1,"17":1,"18":1,"19":1,"20":1,"21":1,"22":1,"23":4,"24":4,"25":1,"26":3,"27":1,"28":3,"29":3,"30":2,"31":1,"32":1,"33":1,"34":1,"35":1},"f":{"0":1,"1":5,"2":4,"3":1,"4":4,"5":3},"b":{"0":[0,1],"1":[0,1],"2":[1,3],"3":[2,1]},"_coverageSchema":"1a1c01bbd47fc00a2c39e90264f33305004495a9","hash":"78f990ea66c63edb1deb5878044fa2e01578661d"}
}
