TN:
SF:bin/diffunc.js
FN:5,(anonymous_0)
FN:16,(anonymous_1)
FN:20,(anonymous_2)
FN:28,(anonymous_3)
FN:33,(anonymous_4)
FN:41,(anonymous_5)
FNF:6
FNH:6
FNDA:1,(anonymous_0)
FNDA:5,(anonymous_1)
FNDA:4,(anonymous_2)
FNDA:1,(anonymous_3)
FNDA:4,(anonymous_4)
FNDA:3,(anonymous_5)
DA:5,1
DA:6,1
DA:7,1
DA:9,1
DA:10,1
DA:12,1
DA:13,1
DA:15,1
DA:16,5
DA:17,1
DA:19,1
DA:20,4
DA:21,1
DA:23,1
DA:24,1
DA:25,1
DA:28,1
DA:29,1
DA:30,1
DA:31,1
DA:33,1
DA:34,4
DA:35,4
DA:36,1
DA:38,3
DA:41,1
DA:42,3
DA:43,3
DA:44,2
DA:46,1
DA:49,1
DA:50,1
DA:51,1
DA:52,1
LF:34
LH:34
BRDA:9,0,0,0
BRDA:9,0,1,1
BRDA:10,1,0,0
BRDA:10,1,1,1
BRDA:35,2,0,1
BRDA:35,2,1,3
BRDA:43,3,0,2
BRDA:43,3,1,1
BRF:8
BRH:6
end_of_record
